<?xml version="1.0" encoding="UTF-8"?>
<coverage generated="1635949892358" clover="3.2.0">
  <project timestamp="1635949892358" name="All files">
    <metrics statements="19" coveredstatements="14" conditionals="22" coveredconditionals="13" methods="4" coveredmethods="2" elements="45" coveredelements="29" complexity="0" loc="19" ncloc="19" packages="1" files="1" classes="1"/>
    <file name="move.ts" path="/Users/mac/Downloads/ts-question/src/move.ts">
      <metrics statements="19" coveredstatements="14" conditionals="22" coveredconditionals="13" methods="4" coveredmethods="2"/>
      <line num="5" count="1" type="stmt"/>
      <line num="11" count="1" type="stmt"/>
      <line num="19" count="1" type="stmt"/>
      <line num="25" count="2" type="cond" truecount="3" falsecount="1"/>
      <line num="26" count="0" type="stmt"/>
      <line num="30" count="1" type="cond" truecount="1" falsecount="0"/>
      <line num="31" count="1" type="stmt"/>
      <line num="32" count="2" type="cond" truecount="3" falsecount="1"/>
      <line num="33" count="2" type="cond" truecount="1" falsecount="0"/>
      <line num="34" count="2" type="cond" truecount="1" falsecount="0"/>
      <line num="37" count="2" type="cond" truecount="0" falsecount="1"/>
      <line num="39" count="0" type="cond" truecount="0" falsecount="1"/>
      <line num="43" count="0" type="stmt"/>
      <line num="44" count="0" type="cond" truecount="0" falsecount="4"/>
      <line num="45" count="0" type="stmt"/>
      <line num="52" count="1" type="stmt"/>
      <line num="53" count="2" type="cond" truecount="1" falsecount="0"/>
      <line num="55" count="1" type="cond" truecount="3" falsecount="1"/>
      <line num="59" count="1" type="stmt"/>
    </file>
  </project>
</coverage>
