{"/Users/mac/Downloads/ts-question/src/move.ts": {"path":"/Users/mac/Downloads/ts-question/src/move.ts","statementMap":{"0":{"start":{"line":5,"column":0},"end":{"line":5,"column":13}},"1":{"start":{"line":11,"column":0},"end":{"line":11,"column":13}},"2":{"start":{"line":25,"column":22},"end":{"line":26,"column":null}},"3":{"start":{"line":25,"column":42},"end":{"line":26,"column":40}},"4":{"start":{"line":26,"column":32},"end":{"line":26,"column":39}},"5":{"start":{"line":30,"column":2},"end":{"line":58,"column":null}},"6":{"start":{"line":31,"column":4},"end":{"line":51,"column":null}},"7":{"start":{"line":31,"column":17},"end":{"line":31,"column":18}},"8":{"start":{"line":32,"column":17},"end":{"line":32,"column":79}},"9":{"start":{"line":32,"column":60},"end":{"line":32,"column":78}},"10":{"start":{"line":33,"column":6},"end":{"line":50,"column":null}},"11":{"start":{"line":34,"column":8},"end":{"line":49,"column":null}},"12":{"start":{"line":37,"column":10},"end":{"line":48,"column":null}},"13":{"start":{"line":39,"column":12},"end":{"line":46,"column":null}},"14":{"start":{"line":43,"column":14},"end":{"line":43,"column":42}},"15":{"start":{"line":44,"column":14},"end":{"line":44,"column":46}},"16":{"start":{"line":45,"column":14},"end":{"line":45,"column":32}},"17":{"start":{"line":52,"column":4},"end":{"line":57,"column":null}},"18":{"start":{"line":52,"column":17},"end":{"line":52,"column":18}},"19":{"start":{"line":53,"column":6},"end":{"line":56,"column":null}},"20":{"start":{"line":55,"column":8},"end":{"line":55,"column":34}},"21":{"start":{"line":59,"column":2},"end":{"line":59,"column":14}},"22":{"start":{"line":19,"column":0},"end":{"line":19,"column":24}}},"fnMap":{"0":{"name":"move","decl":{"start":{"line":19,"column":24},"end":{"line":19,"column":28}},"loc":{"start":{"line":22,"column":21},"end":{"line":60,"column":1}}},"1":{"name":"(anonymous_1)","decl":{"start":{"line":25,"column":31},"end":{"line":25,"column":32}},"loc":{"start":{"line":25,"column":42},"end":{"line":26,"column":40}}},"2":{"name":"(anonymous_2)","decl":{"start":{"line":26,"column":22},"end":{"line":26,"column":23}},"loc":{"start":{"line":26,"column":32},"end":{"line":26,"column":39}}},"3":{"name":"(anonymous_3)","decl":{"start":{"line":32,"column":50},"end":{"line":32,"column":51}},"loc":{"start":{"line":32,"column":60},"end":{"line":32,"column":78}}}},"branchMap":{"0":{"loc":{"start":{"line":25,"column":42},"end":{"line":26,"column":40}},"type":"cond-expr","locations":[{"start":{"line":26,"column":16},"end":{"line":26,"column":18}},{"start":{"line":26,"column":16},"end":{"line":26,"column":40}}]},"1":{"loc":{"start":{"line":25,"column":42},"end":{"line":26,"column":18}},"type":"binary-expr","locations":[{"start":{"line":25,"column":42},"end":{"line":26,"column":18}},{"start":{"line":26,"column":16},"end":{"line":26,"column":18}}]},"2":{"loc":{"start":{"line":30,"column":2},"end":{"line":58,"column":null}},"type":"if","locations":[{"start":{"line":30,"column":2},"end":{"line":58,"column":null}}]},"3":{"loc":{"start":{"line":32,"column":17},"end":{"line":32,"column":79}},"type":"cond-expr","locations":[{"start":{"line":32,"column":38},"end":{"line":32,"column":40}},{"start":{"line":32,"column":38},"end":{"line":32,"column":79}}]},"4":{"loc":{"start":{"line":32,"column":17},"end":{"line":32,"column":40}},"type":"binary-expr","locations":[{"start":{"line":32,"column":17},"end":{"line":32,"column":40}},{"start":{"line":32,"column":38},"end":{"line":32,"column":40}}]},"5":{"loc":{"start":{"line":33,"column":6},"end":{"line":50,"column":null}},"type":"if","locations":[{"start":{"line":33,"column":6},"end":{"line":50,"column":null}}]},"6":{"loc":{"start":{"line":34,"column":8},"end":{"line":49,"column":null}},"type":"if","locations":[{"start":{"line":34,"column":8},"end":{"line":49,"column":null}}]},"7":{"loc":{"start":{"line":37,"column":10},"end":{"line":48,"column":null}},"type":"if","locations":[{"start":{"line":37,"column":10},"end":{"line":48,"column":null}}]},"8":{"loc":{"start":{"line":39,"column":12},"end":{"line":46,"column":null}},"type":"if","locations":[{"start":{"line":39,"column":12},"end":{"line":46,"column":null}}]},"9":{"loc":{"start":{"line":44,"column":14},"end":{"line":44,"column":46}},"type":"cond-expr","locations":[{"start":{"line":44,"column":27},"end":{"line":44,"column":29}},{"start":{"line":44,"column":27},"end":{"line":44,"column":46}}]},"10":{"loc":{"start":{"line":44,"column":14},"end":{"line":44,"column":29}},"type":"binary-expr","locations":[{"start":{"line":44,"column":14},"end":{"line":44,"column":29}},{"start":{"line":44,"column":27},"end":{"line":44,"column":29}}]},"11":{"loc":{"start":{"line":53,"column":6},"end":{"line":56,"column":null}},"type":"if","locations":[{"start":{"line":53,"column":6},"end":{"line":56,"column":null}}]},"12":{"loc":{"start":{"line":55,"column":8},"end":{"line":55,"column":34}},"type":"cond-expr","locations":[{"start":{"line":55,"column":21},"end":{"line":55,"column":23}},{"start":{"line":55,"column":21},"end":{"line":55,"column":34}}]},"13":{"loc":{"start":{"line":55,"column":8},"end":{"line":55,"column":23}},"type":"binary-expr","locations":[{"start":{"line":55,"column":8},"end":{"line":55,"column":23}},{"start":{"line":55,"column":21},"end":{"line":55,"column":23}}]}},"s":{"0":1,"1":1,"2":1,"3":2,"4":0,"5":1,"6":1,"7":1,"8":2,"9":0,"10":2,"11":2,"12":2,"13":0,"14":0,"15":0,"16":0,"17":1,"18":1,"19":2,"20":1,"21":1,"22":1},"f":{"0":1,"1":2,"2":0,"3":0},"b":{"0":[2,0],"1":[2,2],"2":[1],"3":[2,0],"4":[2,2],"5":[2],"6":[2],"7":[0],"8":[0],"9":[0,0],"10":[0,0],"11":[1],"12":[1,0],"13":[1,1]}}
}
