TN:
SF:src/move.ts
FN:19,move
FN:25,(anonymous_1)
FN:26,(anonymous_2)
FN:32,(anonymous_3)
FNF:4
FNH:2
FNDA:1,move
FNDA:2,(anonymous_1)
FNDA:0,(anonymous_2)
FNDA:0,(anonymous_3)
DA:5,1
DA:11,1
DA:19,1
DA:25,2
DA:26,0
DA:30,1
DA:31,1
DA:32,2
DA:33,2
DA:34,2
DA:37,2
DA:39,0
DA:43,0
DA:44,0
DA:45,0
DA:52,1
DA:53,2
DA:55,1
DA:59,1
LF:19
LH:14
BRDA:25,0,0,2
BRDA:25,0,1,0
BRDA:25,1,0,2
BRDA:25,1,1,2
BRDA:30,2,0,1
BRDA:32,3,0,2
BRDA:32,3,1,0
BRDA:32,4,0,2
BRDA:32,4,1,2
BRDA:33,5,0,2
BRDA:34,6,0,2
BRDA:37,7,0,0
BRDA:39,8,0,0
BRDA:44,9,0,0
BRDA:44,9,1,0
BRDA:44,10,0,0
BRDA:44,10,1,0
BRDA:53,11,0,1
BRDA:55,12,0,1
BRDA:55,12,1,0
BRDA:55,13,0,1
BRDA:55,13,1,1
BRF:22
BRH:13
end_of_record
